Arguments: 
  C:\Program Files\nodejs\node.exe C:\Users\zzhang\AppData\Roaming\npm\node_modules\yarn\bin\yarn.js init

PATH: 
  C:\Program Files\ImageMagick-7.1.0-Q16-HDRI;C:\WINDOWS\system32;C:\WINDOWS;C:\WINDOWS\System32\Wbem;C:\WINDOWS\System32\WindowsPowerShell\v1.0\;C:\WINDOWS\System32\OpenSSH\;E:\Git\cmd;C:\ProgramData\chocolatey\bin;C:\ProgramData\chocolatey\lib\cunit\lib;C:\ProgramData\chocolatey\lib\log4cxx\lib;C:\ProgramData\chocolatey\lib\tinyxml2\lib;C:\Program Files\dotnet\;C:\ProgramData\chocolatey\lib\bullet\lib;C:\Program Files\Pandoc\;E:\miniconda;;C:\Program Files\Docker\Docker\resources\bin;C:\ProgramData\DockerDesktop\version-bin;C:\Program Files\nodejs\;C:\Program Files\MySQL\MySQL Shell 8.0\bin\;E:\Microsoft VS Code\bin;C:\MinGW\bin;C:\Program Files\SumatraPDF;E:\opencv\opencv\build\x64\vc15\bin;C:\Windows\System32\WindowsPowerShell\v1.0;E:\7-Zip;E:\miniconda\Lib\site-packages;C:\Program Files (x86)\Microsoft Visual Studio\2019\Community\VC\Tools\Llvm\bin;E:\.pm2;C:\Users\zzhang\AppData\Local\Microsoft\WindowsApps;C:\Users\zzhang\.dotnet\tools;E:\texlive\2021\bin\win32;E:\miniconda;F:\media\database\ArangoDB3 3.7.12\usr\bin;E:\mysql\bin;C:\Program Files\MongoDB\Server\5.0\bin;C:\Users\zzhang\AppData\Roaming\npm;E:\miniconda\Scripts;E:\Android\Sdk\platform-tools;C:\Program Files\Java\jdk1.8.0_291\bin;C:\Program Files\MySQL\MySQL Server 8.0\bin;

Yarn version: 
  1.22.10

Node version: 
  14.17.5

Platform: 
  win32 x64

Trace: 
  Error: canceled
      at Interface.<anonymous> (C:\Users\zzhang\AppData\Roaming\npm\node_modules\yarn\lib\cli.js:136216:13)
      at Interface.emit (events.js:400:28)
      at Interface._ttyWrite (readline.js:910:16)
      at ReadStream.onkeypress (readline.js:235:10)
      at ReadStream.emit (events.js:400:28)
      at emitKeys (internal/readline/utils.js:358:14)
      at emitKeys.next (<anonymous>)
      at ReadStream.onData (readline.js:1179:36)
      at ReadStream.emit (events.js:400:28)
      at addChunk (internal/streams/readable.js:290:12)

npm manifest: 
  No manifest

yarn manifest: 
  No manifest

Lockfile: 
  No lockfile
